<testng-results>
  <reporter-output>
  </reporter-output>
  <suite name="Command line suite" duration-ms="15" started-at="2011-07-03T21:36:08Z" finished-at="2011-07-03T21:36:08Z">
    <groups>
      <group name="slow">
        <method signature="test.SampleTest.NewTest.aSlowTest()" name="aSlowTest" class="test.SampleTest.NewTest"/>
      </group>
      <group name="fast">
        <method signature="test.SampleTest.NewTest.aFastTest()" name="aFastTest" class="test.SampleTest.NewTest"/>
      </group>
    </groups>
    <test name="Command line test" duration-ms="15" started-at="2011-07-03T21:36:08Z" finished-at="2011-07-03T21:36:08Z">
      <class name="test.SampleTest.NewTest">
        <test-method status="PASS" signature="setUp()" name="setUp" is-config="true" duration-ms="0" started-at="2011-07-03T21:36:08Z" finished-at="2011-07-03T21:36:08Z">
        </test-method>
        <test-method status="PASS" signature="aSlowTest()" name="aSlowTest" duration-ms="0" started-at="2011-07-03T21:36:08Z" finished-at="2011-07-03T21:36:08Z">
        </test-method>
        <test-method status="PASS" signature="aFastTest()" name="aFastTest" duration-ms="0" started-at="2011-07-03T21:36:08Z" finished-at="2011-07-03T21:36:08Z">
        </test-method>
      </class>
    </test>
  </suite>
</testng-results>
